<?xml version="1.0" encoding="UTF-8"?>
<testng-results skipped="0" failed="0" ignored="0" total="1" passed="1">
  <reporter-output>
  </reporter-output>
  <suite name="Suite" duration-ms="9587" started-at="2020-03-17T15:26:57Z" finished-at="2020-03-17T15:27:06Z">
    <groups>
    </groups>
    <test name="Test" duration-ms="9587" started-at="2020-03-17T15:26:57Z" finished-at="2020-03-17T15:27:06Z">
      <class name="com.niyo.mobiles.test.testclass">
        <test-method status="PASS" signature="createAndroidDriver()[pri:0, instance:com.niyo.mobiles.test.testclass@68c4039c]" name="createAndroidDriver" is-config="true" duration-ms="9002" started-at="2020-03-17T15:26:57Z" finished-at="2020-03-17T15:27:06Z">
          <reporter-output>
          </reporter-output>
        </test-method> <!-- createAndroidDriver -->
        <test-method status="PASS" signature="verifystatictextOnHomepage()[pri:0, instance:com.niyo.mobiles.test.testclass@68c4039c]" name="verifystatictextOnHomepage" duration-ms="573" started-at="2020-03-17T15:27:06Z" finished-at="2020-03-17T15:27:06Z">
          <reporter-output>
          </reporter-output>
        </test-method> <!-- verifystatictextOnHomepage -->
      </class> <!-- com.niyo.mobiles.test.testclass -->
    </test> <!-- Test -->
  </suite> <!-- Suite -->
</testng-results>
