<?xml version="1.0" encoding="UTF-8"?>
<testng-results skipped="0" failed="0" ignored="0" total="1" passed="1">
  <reporter-output>
  </reporter-output>
  <suite name="Suite" duration-ms="8753" started-at="2020-03-17T12:31:55Z" finished-at="2020-03-17T12:32:04Z">
    <groups>
    </groups>
    <test name="Test" duration-ms="8753" started-at="2020-03-17T12:31:55Z" finished-at="2020-03-17T12:32:04Z">
      <class name="com.niyo.mobiles.test.testclass">
        <test-method status="PASS" signature="createAndroidDriver()[pri:0, instance:com.niyo.mobiles.test.testclass@27efef64]" name="createAndroidDriver" is-config="true" duration-ms="8162" started-at="2020-03-17T12:31:55Z" finished-at="2020-03-17T12:32:03Z">
          <reporter-output>
          </reporter-output>
        </test-method> <!-- createAndroidDriver -->
        <test-method status="PASS" signature="verifystatictextOnHomepage()[pri:0, instance:com.niyo.mobiles.test.testclass@27efef64]" name="verifystatictextOnHomepage" duration-ms="580" started-at="2020-03-17T12:32:03Z" finished-at="2020-03-17T12:32:04Z">
          <reporter-output>
          </reporter-output>
        </test-method> <!-- verifystatictextOnHomepage -->
      </class> <!-- com.niyo.mobiles.test.testclass -->
    </test> <!-- Test -->
  </suite> <!-- Suite -->
</testng-results>
