<?xml version="1.0" encoding="UTF-8"?>
<testng-results skipped="0" failed="0" ignored="0" total="1" passed="1">
  <reporter-output>
  </reporter-output>
  <suite name="Suite" duration-ms="11349" started-at="2020-03-17T12:31:33Z" finished-at="2020-03-17T12:31:44Z">
    <groups>
    </groups>
    <test name="Test" duration-ms="11349" started-at="2020-03-17T12:31:33Z" finished-at="2020-03-17T12:31:44Z">
      <class name="com.niyo.mobiles.test.testclass">
        <test-method status="PASS" signature="createAndroidDriver()[pri:0, instance:com.niyo.mobiles.test.testclass@5bc79255]" name="createAndroidDriver" is-config="true" duration-ms="10652" started-at="2020-03-17T12:31:33Z" finished-at="2020-03-17T12:31:43Z">
          <reporter-output>
          </reporter-output>
        </test-method> <!-- createAndroidDriver -->
        <test-method status="PASS" signature="verifystatictextOnHomepage()[pri:0, instance:com.niyo.mobiles.test.testclass@5bc79255]" name="verifystatictextOnHomepage" duration-ms="684" started-at="2020-03-17T12:31:43Z" finished-at="2020-03-17T12:31:44Z">
          <reporter-output>
          </reporter-output>
        </test-method> <!-- verifystatictextOnHomepage -->
      </class> <!-- com.niyo.mobiles.test.testclass -->
    </test> <!-- Test -->
  </suite> <!-- Suite -->
</testng-results>
