<?xml version="1.0" encoding="UTF-8"?>
<testng-results skipped="0" failed="0" ignored="0" total="1" passed="1">
  <reporter-output>
  </reporter-output>
  <suite name="Suite" duration-ms="9308" started-at="2020-03-16T06:17:20Z" finished-at="2020-03-16T06:17:29Z">
    <groups>
    </groups>
    <test name="Test" duration-ms="9308" started-at="2020-03-16T06:17:20Z" finished-at="2020-03-16T06:17:29Z">
      <class name="com.niyo.mobiles.test.testclass">
        <test-method status="PASS" signature="initDriverBaseSetup()[pri:0, instance:com.niyo.mobiles.test.testclass@5ae63ade]" name="initDriverBaseSetup" is-config="true" duration-ms="8603" started-at="2020-03-16T06:17:20Z" finished-at="2020-03-16T06:17:28Z">
          <reporter-output>
          </reporter-output>
        </test-method> <!-- initDriverBaseSetup -->
        <test-method status="PASS" signature="setUp(org.testng.ITestContext)[pri:0, instance:com.niyo.mobiles.test.testclass@5ae63ade]" name="setUp" is-config="true" duration-ms="204" started-at="2020-03-16T06:17:28Z" finished-at="2020-03-16T06:17:29Z">
          <params>
            <param index="0">
              <value>
                <![CDATA[org.testng.TestRunner@5026735c]]>
              </value>
            </param>
          </params>
          <reporter-output>
          </reporter-output>
        </test-method> <!-- setUp -->
        <test-method status="PASS" signature="setUp(org.testng.ITestContext)[pri:0, instance:com.niyo.mobiles.test.testclass@5ae63ade]" name="setUp" is-config="true" duration-ms="90" started-at="2020-03-16T06:17:29Z" finished-at="2020-03-16T06:17:29Z">
          <params>
            <param index="0">
              <value>
                <![CDATA[org.testng.TestRunner@5026735c]]>
              </value>
            </param>
          </params>
          <reporter-output>
          </reporter-output>
        </test-method> <!-- setUp -->
        <test-method status="PASS" signature="verifystatictextOnHomepage()[pri:0, instance:com.niyo.mobiles.test.testclass@5ae63ade]" name="verifystatictextOnHomepage" duration-ms="399" started-at="2020-03-16T06:17:29Z" finished-at="2020-03-16T06:17:29Z">
          <reporter-output>
          </reporter-output>
        </test-method> <!-- verifystatictextOnHomepage -->
      </class> <!-- com.niyo.mobiles.test.testclass -->
    </test> <!-- Test -->
  </suite> <!-- Suite -->
</testng-results>
